<?xml version="1.0" encoding="UTF-8"?>
<robot generator="Robot 6.1.1 (Python 3.11.5 on win32)" generated="20230913 08:58:10.464" rpa="false" schemaversion="4">
<suite id="s1" name="Teste" source="C:\Users\Manhã\integration\Inodevs-back-machine-learning\teste.robot">
<test id="s1-t1" name="Automacao_Site_OpenAI" line="9">
<kw name="Open Browser" library="SeleniumLibrary">
<arg>${URL}</arg>
<arg>chrome</arg>
<doc>Opens a new browser instance to the optional ``url``.</doc>
<msg timestamp="20230913 08:58:10.590" level="INFO">Opening browser 'chrome' to base url 'https://chat.openai.com/c/9292677b-a62c-44b1-b19b-a43d26517ecb'.</msg>
<status status="PASS" starttime="20230913 08:58:10.590" endtime="20230913 08:58:14.811"/>
</kw>
<kw name="Maximize Browser Window" library="SeleniumLibrary">
<doc>Maximizes current browser window.</doc>
<status status="PASS" starttime="20230913 08:58:14.811" endtime="20230913 08:58:14.937"/>
</kw>
<kw name="Sleep" library="BuiltIn">
<arg>100s</arg>
<doc>Pauses the test executed for the given time.</doc>
<status status="FAIL" starttime="20230913 08:58:14.937" endtime="20230913 08:59:08.078"/>
</kw>
<kw name="Input Text" library="SeleniumLibrary">
<arg>id=descricao</arg>
<arg>${texto_a_melhorar}</arg>
<doc>Types the given ``text`` into the text field identified by ``locator``.</doc>
<status status="NOT RUN" starttime="20230913 08:59:08.078" endtime="20230913 08:59:08.078"/>
</kw>
<kw name="Click Element" library="SeleniumLibrary">
<arg>id=submit-button</arg>
<doc>Click the element identified by ``locator``.</doc>
<status status="NOT RUN" starttime="20230913 08:59:08.078" endtime="20230913 08:59:08.078"/>
</kw>
<kw name="Get Text" library="SeleniumLibrary">
<var>${descricao_melhorada}</var>
<arg>id=descricao</arg>
<doc>Returns the text value of the element identified by ``locator``.</doc>
<status status="NOT RUN" starttime="20230913 08:59:08.078" endtime="20230913 08:59:08.078"/>
</kw>
<kw name="Log" library="BuiltIn">
<arg>Descrição Melhorada: ${descricao_melhorada}</arg>
<doc>Logs the given message with the given level.</doc>
<status status="NOT RUN" starttime="20230913 08:59:08.084" endtime="20230913 08:59:08.084"/>
</kw>
<kw name="Close Browser" library="SeleniumLibrary">
<doc>Closes the current browser.</doc>
<status status="NOT RUN" starttime="20230913 08:59:08.084" endtime="20230913 08:59:08.084"/>
</kw>
<status status="FAIL" starttime="20230913 08:58:10.590" endtime="20230913 08:59:08.084">Execution terminated by signal</status>
</test>
<status status="FAIL" starttime="20230913 08:58:10.464" endtime="20230913 08:59:08.086"/>
</suite>
<statistics>
<total>
<stat pass="0" fail="1" skip="0">All Tests</stat>
</total>
<tag>
</tag>
<suite>
<stat pass="0" fail="1" skip="0" id="s1" name="Teste">Teste</stat>
</suite>
</statistics>
<errors>
</errors>
</robot>
